<!DOCTYPE html>

<html>
  <head>
  <meta charset='utf-8'>
  <title>TestNG reports</title>

    <link type="text/css" href="testng-reports.css" rel="stylesheet" />
    <script type="text/javascript" src="jquery-1.7.1.min.js"></script>
    <script type="text/javascript" src="testng-reports.js"></script>
    <script type="text/javascript" src="https://www.google.com/jsapi"></script>
    <script type='text/javascript'>
      google.load('visualization', '1', {packages:['table']});
      google.setOnLoadCallback(drawTable);
      var suiteTableInitFunctions = new Array();
      var suiteTableData = new Array();
    </script>
    <!--
      <script type="text/javascript" src="jquery-ui/js/jquery-ui-1.8.16.custom.min.js"></script>
     -->
  </head>

  <body>
    <div class="top-banner-root">
      <span class="top-banner-title-font">Test results</span>
      <br/>
      <span class="top-banner-font-1">1 suite, 12 failed tests</span>
    </div> <!-- top-banner-root -->
    <div class="navigator-root">
      <div class="navigator-suite-header">
        <span>All suites</span>
        <a href="#" class="collapse-all-link" title="Collapse/expand all the suites">
          <img class="collapse-all-icon" src="collapseall.gif">
          </img> <!-- collapse-all-icon -->
        </a> <!-- collapse-all-link -->
      </div> <!-- navigator-suite-header -->
      <div class="suite">
        <div class="rounded-window">
          <div class="suite-header light-rounded-window-top">
            <a href="#" class="navigator-link" panel-name="suite-CommunicationCloud">
              <span class="suite-name border-failed">CommunicationCloud</span>
            </a> <!-- navigator-link -->
          </div> <!-- suite-header light-rounded-window-top -->
          <div class="navigator-suite-content">
            <div class="suite-section-title">
              <span>Info</span>
            </div> <!-- suite-section-title -->
            <div class="suite-section-content">
              <ul>
                <li>
                  <a href="#" class="navigator-link " panel-name="test-xml-CommunicationCloud">
                    <span>D:\Selenium\MyWorkspace\CommunicationCloud\TestNG.xml</span>
                  </a> <!-- navigator-link  -->
                </li>
                <li>
                  <a href="#" class="navigator-link " panel-name="testlist-CommunicationCloud">
                    <span class="test-stats">2 tests</span>
                  </a> <!-- navigator-link  -->
                </li>
                <li>
                  <a href="#" class="navigator-link " panel-name="group-CommunicationCloud">
                    <span>0 groups</span>
                  </a> <!-- navigator-link  -->
                </li>
                <li>
                  <a href="#" class="navigator-link " panel-name="times-CommunicationCloud">
                    <span>Times</span>
                  </a> <!-- navigator-link  -->
                </li>
                <li>
                  <a href="#" class="navigator-link " panel-name="reporter-CommunicationCloud">
                    <span>Reporter output</span>
                  </a> <!-- navigator-link  -->
                </li>
                <li>
                  <a href="#" class="navigator-link " panel-name="ignored-methods-CommunicationCloud">
                    <span>Ignored methods</span>
                  </a> <!-- navigator-link  -->
                </li>
                <li>
                  <a href="#" class="navigator-link " panel-name="chronological-CommunicationCloud">
                    <span>Chronological view</span>
                  </a> <!-- navigator-link  -->
                </li>
              </ul>
            </div> <!-- suite-section-content -->
            <div class="result-section">
              <div class="suite-section-title">
                <span>Results</span>
              </div> <!-- suite-section-title -->
              <div class="suite-section-content">
                <ul>
                  <li>
                    <span class="method-stats">12 methods, 12 failed,   </span>
                  </li>
                  <li>
                    <span class="method-list-title failed">Failed methods</span>
                    <span class="show-or-hide-methods failed">
                      <a href="#" panel-name="suite-CommunicationCloud" class="hide-methods failed suite-CommunicationCloud"> (hide)</a> <!-- hide-methods failed suite-CommunicationCloud -->
                      <a href="#" panel-name="suite-CommunicationCloud" class="show-methods failed suite-CommunicationCloud"> (show)</a> <!-- show-methods failed suite-CommunicationCloud -->
                    </span>
                    <div class="method-list-content failed suite-CommunicationCloud">
                      <span>
                        <img width="3%" src="failed.png"/>
                        <a href="#" class="method navigator-link" panel-name="suite-CommunicationCloud" title="com.ccs.testCases.TC_CreateContDDT_011" hash-for-method="ContCreateDDT(munirr, Password@123, ccs-auto3-, ccs-auto3-, ccs-auto3-, ccs-auto3-, ccs-auto3-, 10/1/20, Dear &lt;com...)">ContCreateDDT(munirr, Password@123, ccs-auto3-, ccs-auto3-, ccs-auto3-, ccs-auto3-, ccs-auto3-, 10/1/20, Dear <com...)</a> <!-- method navigator-link -->
                      </span>
                      <br/>
                      <span>
                        <img width="3%" src="failed.png"/>
                        <a href="#" class="method navigator-link" panel-name="suite-CommunicationCloud" title="com.ccs.testCases.TC_CreateContDDT_011" hash-for-method="ContCreateDDT(munirr, Password@123, ccs-auto4-, ccs-auto4-, ccs-auto4-, ccs-auto4-, ccs-auto4-, 10/1/20, Thanks fo...)">ContCreateDDT(munirr, Password@123, ccs-auto4-, ccs-auto4-, ccs-auto4-, ccs-auto4-, ccs-auto4-, 10/1/20, Thanks fo...)</a> <!-- method navigator-link -->
                      </span>
                      <br/>
                      <span>
                        <img width="3%" src="failed.png"/>
                        <a href="#" class="method navigator-link" panel-name="suite-CommunicationCloud" title="com.ccs.testCases.TC_DeleteContent_016" hash-for-method="DeleteContDDT(munirr, Password@123, ccs-auto3-, ccs-auto3-, ccs-auto3-, ccs-auto3-, ccs-auto3-, 10/1/20, Dear &lt;com...)">DeleteContDDT(munirr, Password@123, ccs-auto3-, ccs-auto3-, ccs-auto3-, ccs-auto3-, ccs-auto3-, 10/1/20, Dear <com...)</a> <!-- method navigator-link -->
                      </span>
                      <br/>
                      <span>
                        <img width="3%" src="failed.png"/>
                        <a href="#" class="method navigator-link" panel-name="suite-CommunicationCloud" title="com.ccs.testCases.TC_DeleteContent_016" hash-for-method="DeleteContDDT(munirr, Password@123, ccs-auto4-, ccs-auto4-, ccs-auto4-, ccs-auto4-, ccs-auto4-, 10/1/20, Thanks fo...)">DeleteContDDT(munirr, Password@123, ccs-auto4-, ccs-auto4-, ccs-auto4-, ccs-auto4-, ccs-auto4-, 10/1/20, Thanks fo...)</a> <!-- method navigator-link -->
                      </span>
                      <br/>
                      <span>
                        <img width="3%" src="failed.png"/>
                        <a href="#" class="method navigator-link" panel-name="suite-CommunicationCloud" title="com.ccs.testCases.TC_ReadContent_014" hash-for-method="ReadContentDDT(munirr, Password@123, ccs-auto4-, ccs-auto4-, ccs-auto4-, ccs-auto4-, ccs-auto4-, 10/1/20, Thanks fo...)">ReadContentDDT(munirr, Password@123, ccs-auto4-, ccs-auto4-, ccs-auto4-, ccs-auto4-, ccs-auto4-, 10/1/20, Thanks fo...)</a> <!-- method navigator-link -->
                      </span>
                      <br/>
                      <span>
                        <img width="3%" src="failed.png"/>
                        <a href="#" class="method navigator-link" panel-name="suite-CommunicationCloud" title="com.ccs.testCases.TC_UpdateContent_017" hash-for-method="ReadContentDDT(munirr, Password@123, ccs-auto3-, ccs-auto3-, ccs-auto3-, ccs-auto3-, ccs-auto3-, 10/1/20, Dear &lt;com...)">ReadContentDDT(munirr, Password@123, ccs-auto3-, ccs-auto3-, ccs-auto3-, ccs-auto3-, ccs-auto3-, 10/1/20, Dear <com...)</a> <!-- method navigator-link -->
                      </span>
                      <br/>
                      <span>
                        <img width="3%" src="failed.png"/>
                        <a href="#" class="method navigator-link" panel-name="suite-CommunicationCloud" title="com.ccs.testCases.TC_ReadContent_014" hash-for-method="ReadContentDDT(munirr, Password@123, ccs-auto3-, ccs-auto3-, ccs-auto3-, ccs-auto3-, ccs-auto3-, 10/1/20, Dear &lt;com...)">ReadContentDDT(munirr, Password@123, ccs-auto3-, ccs-auto3-, ccs-auto3-, ccs-auto3-, ccs-auto3-, 10/1/20, Dear <com...)</a> <!-- method navigator-link -->
                      </span>
                      <br/>
                      <span>
                        <img width="3%" src="failed.png"/>
                        <a href="#" class="method navigator-link" panel-name="suite-CommunicationCloud" title="com.ccs.testCases.TC_UpdateContent_017" hash-for-method="ReadContentDDT(munirr, Password@123, ccs-auto4-, ccs-auto4-, ccs-auto4-, ccs-auto4-, ccs-auto4-, 10/1/20, Thanks fo...)">ReadContentDDT(munirr, Password@123, ccs-auto4-, ccs-auto4-, ccs-auto4-, ccs-auto4-, ccs-auto4-, 10/1/20, Thanks fo...)</a> <!-- method navigator-link -->
                      </span>
                      <br/>
                      <span>
                        <img width="3%" src="failed.png"/>
                        <a href="#" class="method navigator-link" panel-name="suite-CommunicationCloud" title="com.ccs.testCases.TC_ReadStyle_019" hash-for-method="readStyles(null, null, null, null, null, null, null, null)">readStyles(null, null, null, null, null, null, null, null)</a> <!-- method navigator-link -->
                      </span>
                      <br/>
                      <span>
                        <img width="3%" src="failed.png"/>
                        <a href="#" class="method navigator-link" panel-name="suite-CommunicationCloud" title="com.ccs.testCases.TC_ReadStyle_019" hash-for-method="readStyles(munirr, Password@123, CC, CC-AutoStyleName1, CC-StyleLongname1, CC-StyleDescription, Font-family, Ca...)">readStyles(munirr, Password@123, CC, CC-AutoStyleName1, CC-StyleLongname1, CC-StyleDescription, Font-family, Ca...)</a> <!-- method navigator-link -->
                      </span>
                      <br/>
                      <span>
                        <img width="3%" src="failed.png"/>
                        <a href="#" class="method navigator-link" panel-name="suite-CommunicationCloud" title="com.ccs.testCases.TC_UpdateStyles_020" hash-for-method="updateStyles(null, null, null, null, null, null, null, null)">updateStyles(null, null, null, null, null, null, null, null)</a> <!-- method navigator-link -->
                      </span>
                      <br/>
                      <span>
                        <img width="3%" src="failed.png"/>
                        <a href="#" class="method navigator-link" panel-name="suite-CommunicationCloud" title="com.ccs.testCases.TC_UpdateStyles_020" hash-for-method="updateStyles(munirr, Password@123, CC, CC-AutoStyleName1, CC-StyleLongname1, CC-StyleDescription, Font-family, Ca...)">updateStyles(munirr, Password@123, CC, CC-AutoStyleName1, CC-StyleLongname1, CC-StyleDescription, Font-family, Ca...)</a> <!-- method navigator-link -->
                      </span>
                      <br/>
                    </div> <!-- method-list-content failed suite-CommunicationCloud -->
                  </li>
                </ul>
              </div> <!-- suite-section-content -->
            </div> <!-- result-section -->
          </div> <!-- navigator-suite-content -->
        </div> <!-- rounded-window -->
      </div> <!-- suite -->
    </div> <!-- navigator-root -->
    <div class="wrapper">
      <div class="main-panel-root">
        <div panel-name="suite-CommunicationCloud" class="panel CommunicationCloud">
          <div class="suite-CommunicationCloud-class-failed">
            <div class="main-panel-header rounded-window-top">
              <img src="failed.png"/>
              <span class="class-name">com.ccs.testCases.TC_DeleteContent_016</span>
            </div> <!-- main-panel-header rounded-window-top -->
            <div class="main-panel-content rounded-window-bottom">
              <div class="method">
                <div class="method-content">
                  <a name="DeleteContDDT(munirr, Password@123, ccs-auto3-, ccs-auto3-, ccs-auto3-, ccs-auto3-, ccs-auto3-, 10/1/20, Dear &lt;com...)">
                  </a> <!-- DeleteContDDT(munirr, Password@123, ccs-auto3-, ccs-auto3-, ccs-auto3-, ccs-auto3-, ccs-auto3-, 10/1/20, Dear <com...) -->
                  <span class="method-name">DeleteContDDT</span>
                  <span class="parameters">(munirr, Password@123, ccs-auto3-, ccs-auto3-, ccs-auto3-, ccs-auto3-, ccs-auto3-, 10/1/20, Dear <comms-data>$Data{"Id":"ownerFirstName"}</comms-data>,
                    Welcome to Automation Testing!!)</span>
                  <div class="stack-trace">org.openqa.selenium.NoSuchElementException: no such element: Unable to locate element: {&quot;method&quot;:&quot;xpath&quot;,&quot;selector&quot;:&quot;//span[text()=&apos;Config ID&apos;]&quot;}
  (Session info: chrome=87.0.4280.88)
For documentation on this error, please visit: https://www.seleniumhq.org/exceptions/no_such_element.html
Build info: version: &apos;3.141.59&apos;, revision: &apos;e82be7d358&apos;, time: &apos;2018-11-14T08:17:03&apos;
System info: host: &apos;MSINGIRI-IN&apos;, ip: &apos;10.166.164.59&apos;, os.name: &apos;Windows 10&apos;, os.arch: &apos;amd64&apos;, os.version: &apos;10.0&apos;, java.version: &apos;1.8.0_241&apos;
Driver info: org.openqa.selenium.chrome.ChromeDriver
Capabilities {acceptInsecureCerts: false, browserName: chrome, browserVersion: 87.0.4280.88, chrome: {chromedriverVersion: 87.0.4280.20 (c99e81631faa0..., userDataDir: C:\Users\msingiri\AppData\L...}, goog:chromeOptions: {debuggerAddress: localhost:65420}, javascriptEnabled: true, networkConnectionEnabled: false, pageLoadStrategy: normal, platform: WINDOWS, platformName: WINDOWS, proxy: Proxy(), setWindowRect: true, strictFileInteractability: false, timeouts: {implicit: 0, pageLoad: 300000, script: 30000}, unhandledPromptBehavior: dismiss and notify, webauthn:virtualAuthenticators: true}
Session ID: 145aab9075b2e130ddf2cfbceef35942
*** Element info: {Using=xpath, value=//span[text()=&apos;Config ID&apos;]}
	at org.openqa.selenium.remote.http.W3CHttpResponseCodec.createException(W3CHttpResponseCodec.java:187)
	at org.openqa.selenium.remote.http.W3CHttpResponseCodec.decode(W3CHttpResponseCodec.java:122)
	at org.openqa.selenium.remote.http.W3CHttpResponseCodec.decode(W3CHttpResponseCodec.java:49)
	at org.openqa.selenium.remote.HttpCommandExecutor.execute(HttpCommandExecutor.java:158)
	at org.openqa.selenium.remote.service.DriverCommandExecutor.execute(DriverCommandExecutor.java:83)
	at org.openqa.selenium.remote.RemoteWebDriver.execute(RemoteWebDriver.java:552)
	at org.openqa.selenium.remote.RemoteWebDriver.findElement(RemoteWebDriver.java:323)
	at org.openqa.selenium.remote.RemoteWebDriver.findElementByXPath(RemoteWebDriver.java:428)
	at org.openqa.selenium.By$ByXPath.findElement(By.java:353)
	at org.openqa.selenium.remote.RemoteWebDriver.findElement(RemoteWebDriver.java:315)
	at com.ccs.testCases.TC_MapConfigID_013.mapConfigID(TC_MapConfigID_013.java:22)
	at com.ccs.testCases.TC_DeleteContent_016.DeleteContDDT(TC_DeleteContent_016.java:78)
... Removed 29 stack frames
</div> <!-- stack-trace -->
                </div> <!-- method-content -->
              </div> <!-- method -->
              <div class="method">
                <div class="method-content">
                  <a name="DeleteContDDT(munirr, Password@123, ccs-auto4-, ccs-auto4-, ccs-auto4-, ccs-auto4-, ccs-auto4-, 10/1/20, Thanks fo...)">
                  </a> <!-- DeleteContDDT(munirr, Password@123, ccs-auto4-, ccs-auto4-, ccs-auto4-, ccs-auto4-, ccs-auto4-, 10/1/20, Thanks fo...) -->
                  <span class="method-name">DeleteContDDT</span>
                  <span class="parameters">(munirr, Password@123, ccs-auto4-, ccs-auto4-, ccs-auto4-, ccs-auto4-, ccs-auto4-, 10/1/20, Thanks for Signing.)</span>
                  <div class="stack-trace">org.openqa.selenium.NoSuchElementException: no such element: Unable to locate element: {&quot;method&quot;:&quot;css selector&quot;,&quot;selector&quot;:&quot;.oj\-radiocheckbox\-icon&quot;}
  (Session info: chrome=87.0.4280.88)
For documentation on this error, please visit: https://www.seleniumhq.org/exceptions/no_such_element.html
Build info: version: &apos;3.141.59&apos;, revision: &apos;e82be7d358&apos;, time: &apos;2018-11-14T08:17:03&apos;
System info: host: &apos;MSINGIRI-IN&apos;, ip: &apos;10.166.164.59&apos;, os.name: &apos;Windows 10&apos;, os.arch: &apos;amd64&apos;, os.version: &apos;10.0&apos;, java.version: &apos;1.8.0_241&apos;
Driver info: org.openqa.selenium.chrome.ChromeDriver
Capabilities {acceptInsecureCerts: false, browserName: chrome, browserVersion: 87.0.4280.88, chrome: {chromedriverVersion: 87.0.4280.20 (c99e81631faa0..., userDataDir: C:\Users\msingiri\AppData\L...}, goog:chromeOptions: {debuggerAddress: localhost:65420}, javascriptEnabled: true, networkConnectionEnabled: false, pageLoadStrategy: normal, platform: WINDOWS, platformName: WINDOWS, proxy: Proxy(), setWindowRect: true, strictFileInteractability: false, timeouts: {implicit: 0, pageLoad: 300000, script: 30000}, unhandledPromptBehavior: dismiss and notify, webauthn:virtualAuthenticators: true}
Session ID: 145aab9075b2e130ddf2cfbceef35942
*** Element info: {Using=class name, value=oj-radiocheckbox-icon}
	at org.openqa.selenium.remote.http.W3CHttpResponseCodec.createException(W3CHttpResponseCodec.java:187)
	at org.openqa.selenium.remote.http.W3CHttpResponseCodec.decode(W3CHttpResponseCodec.java:122)
	at org.openqa.selenium.remote.http.W3CHttpResponseCodec.decode(W3CHttpResponseCodec.java:49)
	at org.openqa.selenium.remote.HttpCommandExecutor.execute(HttpCommandExecutor.java:158)
	at org.openqa.selenium.remote.service.DriverCommandExecutor.execute(DriverCommandExecutor.java:83)
	at org.openqa.selenium.remote.RemoteWebDriver.execute(RemoteWebDriver.java:552)
	at org.openqa.selenium.remote.RemoteWebDriver.findElement(RemoteWebDriver.java:323)
	at org.openqa.selenium.remote.RemoteWebDriver.findElementByClassName(RemoteWebDriver.java:412)
	at org.openqa.selenium.By$ByClassName.findElement(By.java:389)
	at org.openqa.selenium.remote.RemoteWebDriver.findElement(RemoteWebDriver.java:315)
	at com.ccs.testCases.TC_MapConfigID_013.mapConfigID(TC_MapConfigID_013.java:69)
	at com.ccs.testCases.TC_DeleteContent_016.DeleteContDDT(TC_DeleteContent_016.java:78)
... Removed 29 stack frames
</div> <!-- stack-trace -->
                </div> <!-- method-content -->
              </div> <!-- method -->
            </div> <!-- main-panel-content rounded-window-bottom -->
          </div> <!-- suite-CommunicationCloud-class-failed -->
          <div class="suite-CommunicationCloud-class-failed">
            <div class="main-panel-header rounded-window-top">
              <img src="failed.png"/>
              <span class="class-name">com.ccs.testCases.TC_ReadContent_014</span>
            </div> <!-- main-panel-header rounded-window-top -->
            <div class="main-panel-content rounded-window-bottom">
              <div class="method">
                <div class="method-content">
                  <a name="ReadContentDDT(munirr, Password@123, ccs-auto4-, ccs-auto4-, ccs-auto4-, ccs-auto4-, ccs-auto4-, 10/1/20, Thanks fo...)">
                  </a> <!-- ReadContentDDT(munirr, Password@123, ccs-auto4-, ccs-auto4-, ccs-auto4-, ccs-auto4-, ccs-auto4-, 10/1/20, Thanks fo...) -->
                  <span class="method-name">ReadContentDDT</span>
                  <span class="parameters">(munirr, Password@123, ccs-auto4-, ccs-auto4-, ccs-auto4-, ccs-auto4-, ccs-auto4-, 10/1/20, Thanks for Signing.)</span>
                  <div class="stack-trace">org.openqa.selenium.NoSuchElementException: no such element: Unable to locate element: {&quot;method&quot;:&quot;css selector&quot;,&quot;selector&quot;:&quot;.oj\-radiocheckbox\-icon&quot;}
  (Session info: chrome=87.0.4280.88)
For documentation on this error, please visit: https://www.seleniumhq.org/exceptions/no_such_element.html
Build info: version: &apos;3.141.59&apos;, revision: &apos;e82be7d358&apos;, time: &apos;2018-11-14T08:17:03&apos;
System info: host: &apos;MSINGIRI-IN&apos;, ip: &apos;10.166.164.59&apos;, os.name: &apos;Windows 10&apos;, os.arch: &apos;amd64&apos;, os.version: &apos;10.0&apos;, java.version: &apos;1.8.0_241&apos;
Driver info: org.openqa.selenium.chrome.ChromeDriver
Capabilities {acceptInsecureCerts: false, browserName: chrome, browserVersion: 87.0.4280.88, chrome: {chromedriverVersion: 87.0.4280.20 (c99e81631faa0..., userDataDir: C:\Users\msingiri\AppData\L...}, goog:chromeOptions: {debuggerAddress: localhost:65191}, javascriptEnabled: true, networkConnectionEnabled: false, pageLoadStrategy: normal, platform: WINDOWS, platformName: WINDOWS, proxy: Proxy(), setWindowRect: true, strictFileInteractability: false, timeouts: {implicit: 0, pageLoad: 300000, script: 30000}, unhandledPromptBehavior: dismiss and notify, webauthn:virtualAuthenticators: true}
Session ID: 5c30ceba6cd56f841f3768bbed5df6be
*** Element info: {Using=class name, value=oj-radiocheckbox-icon}
	at org.openqa.selenium.remote.http.W3CHttpResponseCodec.createException(W3CHttpResponseCodec.java:187)
	at org.openqa.selenium.remote.http.W3CHttpResponseCodec.decode(W3CHttpResponseCodec.java:122)
	at org.openqa.selenium.remote.http.W3CHttpResponseCodec.decode(W3CHttpResponseCodec.java:49)
	at org.openqa.selenium.remote.HttpCommandExecutor.execute(HttpCommandExecutor.java:158)
	at org.openqa.selenium.remote.service.DriverCommandExecutor.execute(DriverCommandExecutor.java:83)
	at org.openqa.selenium.remote.RemoteWebDriver.execute(RemoteWebDriver.java:552)
	at org.openqa.selenium.remote.RemoteWebDriver.findElement(RemoteWebDriver.java:323)
	at org.openqa.selenium.remote.RemoteWebDriver.findElementByClassName(RemoteWebDriver.java:412)
	at org.openqa.selenium.By$ByClassName.findElement(By.java:389)
	at org.openqa.selenium.remote.RemoteWebDriver.findElement(RemoteWebDriver.java:315)
	at com.ccs.testCases.TC_MapConfigID_013.mapConfigID(TC_MapConfigID_013.java:69)
	at com.ccs.testCases.TC_ReadContent_014.ReadContentDDT(TC_ReadContent_014.java:79)
... Removed 29 stack frames
</div> <!-- stack-trace -->
                </div> <!-- method-content -->
              </div> <!-- method -->
              <div class="method">
                <div class="method-content">
                  <a name="ReadContentDDT(munirr, Password@123, ccs-auto3-, ccs-auto3-, ccs-auto3-, ccs-auto3-, ccs-auto3-, 10/1/20, Dear &lt;com...)">
                  </a> <!-- ReadContentDDT(munirr, Password@123, ccs-auto3-, ccs-auto3-, ccs-auto3-, ccs-auto3-, ccs-auto3-, 10/1/20, Dear <com...) -->
                  <span class="method-name">ReadContentDDT</span>
                  <span class="parameters">(munirr, Password@123, ccs-auto3-, ccs-auto3-, ccs-auto3-, ccs-auto3-, ccs-auto3-, 10/1/20, Dear <comms-data>$Data{"Id":"ownerFirstName"}</comms-data>,
                    Welcome to Automation Testing!!)</span>
                  <div class="stack-trace">org.openqa.selenium.NoSuchElementException: no such element: Unable to locate element: {&quot;method&quot;:&quot;xpath&quot;,&quot;selector&quot;:&quot;//span[text()=&apos;Config ID&apos;]&quot;}
  (Session info: chrome=87.0.4280.88)
For documentation on this error, please visit: https://www.seleniumhq.org/exceptions/no_such_element.html
Build info: version: &apos;3.141.59&apos;, revision: &apos;e82be7d358&apos;, time: &apos;2018-11-14T08:17:03&apos;
System info: host: &apos;MSINGIRI-IN&apos;, ip: &apos;10.166.164.59&apos;, os.name: &apos;Windows 10&apos;, os.arch: &apos;amd64&apos;, os.version: &apos;10.0&apos;, java.version: &apos;1.8.0_241&apos;
Driver info: org.openqa.selenium.chrome.ChromeDriver
Capabilities {acceptInsecureCerts: false, browserName: chrome, browserVersion: 87.0.4280.88, chrome: {chromedriverVersion: 87.0.4280.20 (c99e81631faa0..., userDataDir: C:\Users\msingiri\AppData\L...}, goog:chromeOptions: {debuggerAddress: localhost:65191}, javascriptEnabled: true, networkConnectionEnabled: false, pageLoadStrategy: normal, platform: WINDOWS, platformName: WINDOWS, proxy: Proxy(), setWindowRect: true, strictFileInteractability: false, timeouts: {implicit: 0, pageLoad: 300000, script: 30000}, unhandledPromptBehavior: dismiss and notify, webauthn:virtualAuthenticators: true}
Session ID: 5c30ceba6cd56f841f3768bbed5df6be
*** Element info: {Using=xpath, value=//span[text()=&apos;Config ID&apos;]}
	at org.openqa.selenium.remote.http.W3CHttpResponseCodec.createException(W3CHttpResponseCodec.java:187)
	at org.openqa.selenium.remote.http.W3CHttpResponseCodec.decode(W3CHttpResponseCodec.java:122)
	at org.openqa.selenium.remote.http.W3CHttpResponseCodec.decode(W3CHttpResponseCodec.java:49)
	at org.openqa.selenium.remote.HttpCommandExecutor.execute(HttpCommandExecutor.java:158)
	at org.openqa.selenium.remote.service.DriverCommandExecutor.execute(DriverCommandExecutor.java:83)
	at org.openqa.selenium.remote.RemoteWebDriver.execute(RemoteWebDriver.java:552)
	at org.openqa.selenium.remote.RemoteWebDriver.findElement(RemoteWebDriver.java:323)
	at org.openqa.selenium.remote.RemoteWebDriver.findElementByXPath(RemoteWebDriver.java:428)
	at org.openqa.selenium.By$ByXPath.findElement(By.java:353)
	at org.openqa.selenium.remote.RemoteWebDriver.findElement(RemoteWebDriver.java:315)
	at com.ccs.testCases.TC_MapConfigID_013.mapConfigID(TC_MapConfigID_013.java:22)
	at com.ccs.testCases.TC_ReadContent_014.ReadContentDDT(TC_ReadContent_014.java:79)
... Removed 29 stack frames
</div> <!-- stack-trace -->
                </div> <!-- method-content -->
              </div> <!-- method -->
            </div> <!-- main-panel-content rounded-window-bottom -->
          </div> <!-- suite-CommunicationCloud-class-failed -->
          <div class="suite-CommunicationCloud-class-failed">
            <div class="main-panel-header rounded-window-top">
              <img src="failed.png"/>
              <span class="class-name">com.ccs.testCases.TC_UpdateStyles_020</span>
            </div> <!-- main-panel-header rounded-window-top -->
            <div class="main-panel-content rounded-window-bottom">
              <div class="method">
                <div class="method-content">
                  <a name="updateStyles(null, null, null, null, null, null, null, null)">
                  </a> <!-- updateStyles(null, null, null, null, null, null, null, null) -->
                  <span class="method-name">updateStyles</span>
                  <span class="parameters">(null, null, null, null, null, null, null, null)</span>
                  <div class="stack-trace">org.openqa.selenium.NoSuchElementException: no such element: Unable to locate element: {&quot;method&quot;:&quot;css selector&quot;,&quot;selector&quot;:&quot;#details\-button&quot;}
  (Session info: chrome=87.0.4280.88)
For documentation on this error, please visit: https://www.seleniumhq.org/exceptions/no_such_element.html
Build info: version: &apos;3.141.59&apos;, revision: &apos;e82be7d358&apos;, time: &apos;2018-11-14T08:17:03&apos;
System info: host: &apos;MSINGIRI-IN&apos;, ip: &apos;10.166.164.59&apos;, os.name: &apos;Windows 10&apos;, os.arch: &apos;amd64&apos;, os.version: &apos;10.0&apos;, java.version: &apos;1.8.0_241&apos;
Driver info: org.openqa.selenium.chrome.ChromeDriver
Capabilities {acceptInsecureCerts: false, browserName: chrome, browserVersion: 87.0.4280.88, chrome: {chromedriverVersion: 87.0.4280.20 (c99e81631faa0..., userDataDir: C:\Users\msingiri\AppData\L...}, goog:chromeOptions: {debuggerAddress: localhost:49159}, javascriptEnabled: true, networkConnectionEnabled: false, pageLoadStrategy: normal, platform: WINDOWS, platformName: WINDOWS, proxy: Proxy(), setWindowRect: true, strictFileInteractability: false, timeouts: {implicit: 0, pageLoad: 300000, script: 30000}, unhandledPromptBehavior: dismiss and notify, webauthn:virtualAuthenticators: true}
Session ID: 425df8874aa92758145296769b40d74e
*** Element info: {Using=id, value=details-button}
	at org.openqa.selenium.remote.http.W3CHttpResponseCodec.createException(W3CHttpResponseCodec.java:187)
	at org.openqa.selenium.remote.http.W3CHttpResponseCodec.decode(W3CHttpResponseCodec.java:122)
	at org.openqa.selenium.remote.http.W3CHttpResponseCodec.decode(W3CHttpResponseCodec.java:49)
	at org.openqa.selenium.remote.HttpCommandExecutor.execute(HttpCommandExecutor.java:158)
	at org.openqa.selenium.remote.service.DriverCommandExecutor.execute(DriverCommandExecutor.java:83)
	at org.openqa.selenium.remote.RemoteWebDriver.execute(RemoteWebDriver.java:552)
	at org.openqa.selenium.remote.RemoteWebDriver.findElement(RemoteWebDriver.java:323)
	at org.openqa.selenium.remote.RemoteWebDriver.findElementById(RemoteWebDriver.java:372)
	at org.openqa.selenium.By$ById.findElement(By.java:188)
	at org.openqa.selenium.remote.RemoteWebDriver.findElement(RemoteWebDriver.java:315)
	at org.openqa.selenium.support.pagefactory.DefaultElementLocator.findElement(DefaultElementLocator.java:69)
	at org.openqa.selenium.support.pagefactory.internal.LocatingElementHandler.invoke(LocatingElementHandler.java:38)
	at com.sun.proxy.$Proxy12.click(Unknown Source)
	at com.ccs.testCases.TC_UpdateStyles_020.updateStyles(TC_UpdateStyles_020.java:40)
... Removed 29 stack frames
</div> <!-- stack-trace -->
                </div> <!-- method-content -->
              </div> <!-- method -->
              <div class="method">
                <div class="method-content">
                  <a name="updateStyles(munirr, Password@123, CC, CC-AutoStyleName1, CC-StyleLongname1, CC-StyleDescription, Font-family, Ca...)">
                  </a> <!-- updateStyles(munirr, Password@123, CC, CC-AutoStyleName1, CC-StyleLongname1, CC-StyleDescription, Font-family, Ca...) -->
                  <span class="method-name">updateStyles</span>
                  <span class="parameters">(munirr, Password@123, CC, CC-AutoStyleName1, CC-StyleLongname1, CC-StyleDescription, Font-family, Calibri)</span>
                  <div class="stack-trace">org.openqa.selenium.NoSuchElementException: no such element: Unable to locate element: {&quot;method&quot;:&quot;xpath&quot;,&quot;selector&quot;:&quot;//li[text()=&apos;Dashboard&apos;]&quot;}
  (Session info: chrome=87.0.4280.88)
For documentation on this error, please visit: https://www.seleniumhq.org/exceptions/no_such_element.html
Build info: version: &apos;3.141.59&apos;, revision: &apos;e82be7d358&apos;, time: &apos;2018-11-14T08:17:03&apos;
System info: host: &apos;MSINGIRI-IN&apos;, ip: &apos;10.166.164.59&apos;, os.name: &apos;Windows 10&apos;, os.arch: &apos;amd64&apos;, os.version: &apos;10.0&apos;, java.version: &apos;1.8.0_241&apos;
Driver info: org.openqa.selenium.chrome.ChromeDriver
Capabilities {acceptInsecureCerts: false, browserName: chrome, browserVersion: 87.0.4280.88, chrome: {chromedriverVersion: 87.0.4280.20 (c99e81631faa0..., userDataDir: C:\Users\msingiri\AppData\L...}, goog:chromeOptions: {debuggerAddress: localhost:49159}, javascriptEnabled: true, networkConnectionEnabled: false, pageLoadStrategy: normal, platform: WINDOWS, platformName: WINDOWS, proxy: Proxy(), setWindowRect: true, strictFileInteractability: false, timeouts: {implicit: 0, pageLoad: 300000, script: 30000}, unhandledPromptBehavior: dismiss and notify, webauthn:virtualAuthenticators: true}
Session ID: 425df8874aa92758145296769b40d74e
*** Element info: {Using=xpath, value=//li[text()=&apos;Dashboard&apos;]}
	at org.openqa.selenium.remote.http.W3CHttpResponseCodec.createException(W3CHttpResponseCodec.java:187)
	at org.openqa.selenium.remote.http.W3CHttpResponseCodec.decode(W3CHttpResponseCodec.java:122)
	at org.openqa.selenium.remote.http.W3CHttpResponseCodec.decode(W3CHttpResponseCodec.java:49)
	at org.openqa.selenium.remote.HttpCommandExecutor.execute(HttpCommandExecutor.java:158)
	at org.openqa.selenium.remote.service.DriverCommandExecutor.execute(DriverCommandExecutor.java:83)
	at org.openqa.selenium.remote.RemoteWebDriver.execute(RemoteWebDriver.java:552)
	at org.openqa.selenium.remote.RemoteWebDriver.findElement(RemoteWebDriver.java:323)
	at org.openqa.selenium.remote.RemoteWebDriver.findElementByXPath(RemoteWebDriver.java:428)
	at org.openqa.selenium.By$ByXPath.findElement(By.java:353)
	at org.openqa.selenium.remote.RemoteWebDriver.findElement(RemoteWebDriver.java:315)
	at org.openqa.selenium.support.pagefactory.DefaultElementLocator.findElement(DefaultElementLocator.java:69)
	at org.openqa.selenium.support.pagefactory.internal.LocatingElementHandler.invoke(LocatingElementHandler.java:38)
	at com.sun.proxy.$Proxy12.isDisplayed(Unknown Source)
	at com.ccs.testCases.TC_UpdateStyles_020.updateStyles(TC_UpdateStyles_020.java:63)
... Removed 29 stack frames
</div> <!-- stack-trace -->
                </div> <!-- method-content -->
              </div> <!-- method -->
            </div> <!-- main-panel-content rounded-window-bottom -->
          </div> <!-- suite-CommunicationCloud-class-failed -->
          <div class="suite-CommunicationCloud-class-failed">
            <div class="main-panel-header rounded-window-top">
              <img src="failed.png"/>
              <span class="class-name">com.ccs.testCases.TC_CreateContDDT_011</span>
            </div> <!-- main-panel-header rounded-window-top -->
            <div class="main-panel-content rounded-window-bottom">
              <div class="method">
                <div class="method-content">
                  <a name="ContCreateDDT(munirr, Password@123, ccs-auto3-, ccs-auto3-, ccs-auto3-, ccs-auto3-, ccs-auto3-, 10/1/20, Dear &lt;com...)">
                  </a> <!-- ContCreateDDT(munirr, Password@123, ccs-auto3-, ccs-auto3-, ccs-auto3-, ccs-auto3-, ccs-auto3-, 10/1/20, Dear <com...) -->
                  <span class="method-name">ContCreateDDT</span>
                  <span class="parameters">(munirr, Password@123, ccs-auto3-, ccs-auto3-, ccs-auto3-, ccs-auto3-, ccs-auto3-, 10/1/20, Dear <comms-data>$Data{"Id":"ownerFirstName"}</comms-data>,
                    Welcome to Automation Testing!!)</span>
                  <div class="stack-trace">org.openqa.selenium.NoSuchElementException: no such element: Unable to locate element: {&quot;method&quot;:&quot;xpath&quot;,&quot;selector&quot;:&quot;//li[text()=&apos;Dashboard&apos;]&quot;}
  (Session info: chrome=87.0.4280.88)
For documentation on this error, please visit: https://www.seleniumhq.org/exceptions/no_such_element.html
Build info: version: &apos;3.141.59&apos;, revision: &apos;e82be7d358&apos;, time: &apos;2018-11-14T08:17:03&apos;
System info: host: &apos;MSINGIRI-IN&apos;, ip: &apos;10.166.164.59&apos;, os.name: &apos;Windows 10&apos;, os.arch: &apos;amd64&apos;, os.version: &apos;10.0&apos;, java.version: &apos;1.8.0_241&apos;
Driver info: org.openqa.selenium.chrome.ChromeDriver
Capabilities {acceptInsecureCerts: false, browserName: chrome, browserVersion: 87.0.4280.88, chrome: {chromedriverVersion: 87.0.4280.20 (c99e81631faa0..., userDataDir: C:\Users\msingiri\AppData\L...}, goog:chromeOptions: {debuggerAddress: localhost:65025}, javascriptEnabled: true, networkConnectionEnabled: false, pageLoadStrategy: normal, platform: WINDOWS, platformName: WINDOWS, proxy: Proxy(), setWindowRect: true, strictFileInteractability: false, timeouts: {implicit: 0, pageLoad: 300000, script: 30000}, unhandledPromptBehavior: dismiss and notify, webauthn:virtualAuthenticators: true}
Session ID: 9b004e08fea18fab27adbe5eecacc538
*** Element info: {Using=xpath, value=//li[text()=&apos;Dashboard&apos;]}
	at org.openqa.selenium.remote.http.W3CHttpResponseCodec.createException(W3CHttpResponseCodec.java:187)
	at org.openqa.selenium.remote.http.W3CHttpResponseCodec.decode(W3CHttpResponseCodec.java:122)
	at org.openqa.selenium.remote.http.W3CHttpResponseCodec.decode(W3CHttpResponseCodec.java:49)
	at org.openqa.selenium.remote.HttpCommandExecutor.execute(HttpCommandExecutor.java:158)
	at org.openqa.selenium.remote.service.DriverCommandExecutor.execute(DriverCommandExecutor.java:83)
	at org.openqa.selenium.remote.RemoteWebDriver.execute(RemoteWebDriver.java:552)
	at org.openqa.selenium.remote.RemoteWebDriver.findElement(RemoteWebDriver.java:323)
	at org.openqa.selenium.remote.RemoteWebDriver.findElementByXPath(RemoteWebDriver.java:428)
	at org.openqa.selenium.By$ByXPath.findElement(By.java:353)
	at org.openqa.selenium.remote.RemoteWebDriver.findElement(RemoteWebDriver.java:315)
	at org.openqa.selenium.support.pagefactory.DefaultElementLocator.findElement(DefaultElementLocator.java:69)
	at org.openqa.selenium.support.pagefactory.internal.LocatingElementHandler.invoke(LocatingElementHandler.java:38)
	at com.sun.proxy.$Proxy12.isDisplayed(Unknown Source)
	at com.ccs.testCases.TC_CreateContDDT_011.ContCreateDDT(TC_CreateContDDT_011.java:76)
... Removed 29 stack frames
</div> <!-- stack-trace -->
                </div> <!-- method-content -->
              </div> <!-- method -->
              <div class="method">
                <div class="method-content">
                  <a name="ContCreateDDT(munirr, Password@123, ccs-auto4-, ccs-auto4-, ccs-auto4-, ccs-auto4-, ccs-auto4-, 10/1/20, Thanks fo...)">
                  </a> <!-- ContCreateDDT(munirr, Password@123, ccs-auto4-, ccs-auto4-, ccs-auto4-, ccs-auto4-, ccs-auto4-, 10/1/20, Thanks fo...) -->
                  <span class="method-name">ContCreateDDT</span>
                  <span class="parameters">(munirr, Password@123, ccs-auto4-, ccs-auto4-, ccs-auto4-, ccs-auto4-, ccs-auto4-, 10/1/20, Thanks for Signing.)</span>
                  <div class="stack-trace">org.openqa.selenium.NoSuchElementException: no such element: Unable to locate element: {&quot;method&quot;:&quot;css selector&quot;,&quot;selector&quot;:&quot;.oj\-radiocheckbox\-icon&quot;}
  (Session info: chrome=87.0.4280.88)
For documentation on this error, please visit: https://www.seleniumhq.org/exceptions/no_such_element.html
Build info: version: &apos;3.141.59&apos;, revision: &apos;e82be7d358&apos;, time: &apos;2018-11-14T08:17:03&apos;
System info: host: &apos;MSINGIRI-IN&apos;, ip: &apos;10.166.164.59&apos;, os.name: &apos;Windows 10&apos;, os.arch: &apos;amd64&apos;, os.version: &apos;10.0&apos;, java.version: &apos;1.8.0_241&apos;
Driver info: org.openqa.selenium.chrome.ChromeDriver
Capabilities {acceptInsecureCerts: false, browserName: chrome, browserVersion: 87.0.4280.88, chrome: {chromedriverVersion: 87.0.4280.20 (c99e81631faa0..., userDataDir: C:\Users\msingiri\AppData\L...}, goog:chromeOptions: {debuggerAddress: localhost:65025}, javascriptEnabled: true, networkConnectionEnabled: false, pageLoadStrategy: normal, platform: WINDOWS, platformName: WINDOWS, proxy: Proxy(), setWindowRect: true, strictFileInteractability: false, timeouts: {implicit: 0, pageLoad: 300000, script: 30000}, unhandledPromptBehavior: dismiss and notify, webauthn:virtualAuthenticators: true}
Session ID: 9b004e08fea18fab27adbe5eecacc538
*** Element info: {Using=class name, value=oj-radiocheckbox-icon}
	at org.openqa.selenium.remote.http.W3CHttpResponseCodec.createException(W3CHttpResponseCodec.java:187)
	at org.openqa.selenium.remote.http.W3CHttpResponseCodec.decode(W3CHttpResponseCodec.java:122)
	at org.openqa.selenium.remote.http.W3CHttpResponseCodec.decode(W3CHttpResponseCodec.java:49)
	at org.openqa.selenium.remote.HttpCommandExecutor.execute(HttpCommandExecutor.java:158)
	at org.openqa.selenium.remote.service.DriverCommandExecutor.execute(DriverCommandExecutor.java:83)
	at org.openqa.selenium.remote.RemoteWebDriver.execute(RemoteWebDriver.java:552)
	at org.openqa.selenium.remote.RemoteWebDriver.findElement(RemoteWebDriver.java:323)
	at org.openqa.selenium.remote.RemoteWebDriver.findElementByClassName(RemoteWebDriver.java:412)
	at org.openqa.selenium.By$ByClassName.findElement(By.java:389)
	at org.openqa.selenium.remote.RemoteWebDriver.findElement(RemoteWebDriver.java:315)
	at com.ccs.testCases.TC_MapConfigID_013.mapConfigID(TC_MapConfigID_013.java:69)
	at com.ccs.testCases.TC_CreateContDDT_011.ContCreateDDT(TC_CreateContDDT_011.java:88)
... Removed 29 stack frames
</div> <!-- stack-trace -->
                </div> <!-- method-content -->
              </div> <!-- method -->
            </div> <!-- main-panel-content rounded-window-bottom -->
          </div> <!-- suite-CommunicationCloud-class-failed -->
          <div class="suite-CommunicationCloud-class-failed">
            <div class="main-panel-header rounded-window-top">
              <img src="failed.png"/>
              <span class="class-name">com.ccs.testCases.TC_ReadStyle_019</span>
            </div> <!-- main-panel-header rounded-window-top -->
            <div class="main-panel-content rounded-window-bottom">
              <div class="method">
                <div class="method-content">
                  <a name="readStyles(null, null, null, null, null, null, null, null)">
                  </a> <!-- readStyles(null, null, null, null, null, null, null, null) -->
                  <span class="method-name">readStyles</span>
                  <span class="parameters">(null, null, null, null, null, null, null, null)</span>
                  <div class="stack-trace">org.openqa.selenium.NoSuchElementException: no such element: Unable to locate element: {&quot;method&quot;:&quot;css selector&quot;,&quot;selector&quot;:&quot;#details\-button&quot;}
  (Session info: chrome=87.0.4280.88)
For documentation on this error, please visit: https://www.seleniumhq.org/exceptions/no_such_element.html
Build info: version: &apos;3.141.59&apos;, revision: &apos;e82be7d358&apos;, time: &apos;2018-11-14T08:17:03&apos;
System info: host: &apos;MSINGIRI-IN&apos;, ip: &apos;10.166.164.59&apos;, os.name: &apos;Windows 10&apos;, os.arch: &apos;amd64&apos;, os.version: &apos;10.0&apos;, java.version: &apos;1.8.0_241&apos;
Driver info: org.openqa.selenium.chrome.ChromeDriver
Capabilities {acceptInsecureCerts: false, browserName: chrome, browserVersion: 87.0.4280.88, chrome: {chromedriverVersion: 87.0.4280.20 (c99e81631faa0..., userDataDir: C:\Users\msingiri\AppData\L...}, goog:chromeOptions: {debuggerAddress: localhost:65499}, javascriptEnabled: true, networkConnectionEnabled: false, pageLoadStrategy: normal, platform: WINDOWS, platformName: WINDOWS, proxy: Proxy(), setWindowRect: true, strictFileInteractability: false, timeouts: {implicit: 0, pageLoad: 300000, script: 30000}, unhandledPromptBehavior: dismiss and notify, webauthn:virtualAuthenticators: true}
Session ID: 4ed3dec15040ecdd50c97dc900d426a1
*** Element info: {Using=id, value=details-button}
	at org.openqa.selenium.remote.http.W3CHttpResponseCodec.createException(W3CHttpResponseCodec.java:187)
	at org.openqa.selenium.remote.http.W3CHttpResponseCodec.decode(W3CHttpResponseCodec.java:122)
	at org.openqa.selenium.remote.http.W3CHttpResponseCodec.decode(W3CHttpResponseCodec.java:49)
	at org.openqa.selenium.remote.HttpCommandExecutor.execute(HttpCommandExecutor.java:158)
	at org.openqa.selenium.remote.service.DriverCommandExecutor.execute(DriverCommandExecutor.java:83)
	at org.openqa.selenium.remote.RemoteWebDriver.execute(RemoteWebDriver.java:552)
	at org.openqa.selenium.remote.RemoteWebDriver.findElement(RemoteWebDriver.java:323)
	at org.openqa.selenium.remote.RemoteWebDriver.findElementById(RemoteWebDriver.java:372)
	at org.openqa.selenium.By$ById.findElement(By.java:188)
	at org.openqa.selenium.remote.RemoteWebDriver.findElement(RemoteWebDriver.java:315)
	at org.openqa.selenium.support.pagefactory.DefaultElementLocator.findElement(DefaultElementLocator.java:69)
	at org.openqa.selenium.support.pagefactory.internal.LocatingElementHandler.invoke(LocatingElementHandler.java:38)
	at com.sun.proxy.$Proxy12.click(Unknown Source)
	at com.ccs.testCases.TC_ReadStyle_019.readStyles(TC_ReadStyle_019.java:42)
... Removed 29 stack frames
</div> <!-- stack-trace -->
                </div> <!-- method-content -->
              </div> <!-- method -->
              <div class="method">
                <div class="method-content">
                  <a name="readStyles(munirr, Password@123, CC, CC-AutoStyleName1, CC-StyleLongname1, CC-StyleDescription, Font-family, Ca...)">
                  </a> <!-- readStyles(munirr, Password@123, CC, CC-AutoStyleName1, CC-StyleLongname1, CC-StyleDescription, Font-family, Ca...) -->
                  <span class="method-name">readStyles</span>
                  <span class="parameters">(munirr, Password@123, CC, CC-AutoStyleName1, CC-StyleLongname1, CC-StyleDescription, Font-family, Calibri)</span>
                  <div class="stack-trace">org.openqa.selenium.NoSuchElementException: no such element: Unable to locate element: {&quot;method&quot;:&quot;xpath&quot;,&quot;selector&quot;:&quot;//li[text()=&apos;Dashboard&apos;]&quot;}
  (Session info: chrome=87.0.4280.88)
For documentation on this error, please visit: https://www.seleniumhq.org/exceptions/no_such_element.html
Build info: version: &apos;3.141.59&apos;, revision: &apos;e82be7d358&apos;, time: &apos;2018-11-14T08:17:03&apos;
System info: host: &apos;MSINGIRI-IN&apos;, ip: &apos;10.166.164.59&apos;, os.name: &apos;Windows 10&apos;, os.arch: &apos;amd64&apos;, os.version: &apos;10.0&apos;, java.version: &apos;1.8.0_241&apos;
Driver info: org.openqa.selenium.chrome.ChromeDriver
Capabilities {acceptInsecureCerts: false, browserName: chrome, browserVersion: 87.0.4280.88, chrome: {chromedriverVersion: 87.0.4280.20 (c99e81631faa0..., userDataDir: C:\Users\msingiri\AppData\L...}, goog:chromeOptions: {debuggerAddress: localhost:65499}, javascriptEnabled: true, networkConnectionEnabled: false, pageLoadStrategy: normal, platform: WINDOWS, platformName: WINDOWS, proxy: Proxy(), setWindowRect: true, strictFileInteractability: false, timeouts: {implicit: 0, pageLoad: 300000, script: 30000}, unhandledPromptBehavior: dismiss and notify, webauthn:virtualAuthenticators: true}
Session ID: 4ed3dec15040ecdd50c97dc900d426a1
*** Element info: {Using=xpath, value=//li[text()=&apos;Dashboard&apos;]}
	at org.openqa.selenium.remote.http.W3CHttpResponseCodec.createException(W3CHttpResponseCodec.java:187)
	at org.openqa.selenium.remote.http.W3CHttpResponseCodec.decode(W3CHttpResponseCodec.java:122)
	at org.openqa.selenium.remote.http.W3CHttpResponseCodec.decode(W3CHttpResponseCodec.java:49)
	at org.openqa.selenium.remote.HttpCommandExecutor.execute(HttpCommandExecutor.java:158)
	at org.openqa.selenium.remote.service.DriverCommandExecutor.execute(DriverCommandExecutor.java:83)
	at org.openqa.selenium.remote.RemoteWebDriver.execute(RemoteWebDriver.java:552)
	at org.openqa.selenium.remote.RemoteWebDriver.findElement(RemoteWebDriver.java:323)
	at org.openqa.selenium.remote.RemoteWebDriver.findElementByXPath(RemoteWebDriver.java:428)
	at org.openqa.selenium.By$ByXPath.findElement(By.java:353)
	at org.openqa.selenium.remote.RemoteWebDriver.findElement(RemoteWebDriver.java:315)
	at org.openqa.selenium.support.pagefactory.DefaultElementLocator.findElement(DefaultElementLocator.java:69)
	at org.openqa.selenium.support.pagefactory.internal.LocatingElementHandler.invoke(LocatingElementHandler.java:38)
	at com.sun.proxy.$Proxy12.isDisplayed(Unknown Source)
	at com.ccs.testCases.TC_ReadStyle_019.readStyles(TC_ReadStyle_019.java:65)
... Removed 29 stack frames
</div> <!-- stack-trace -->
                </div> <!-- method-content -->
              </div> <!-- method -->
            </div> <!-- main-panel-content rounded-window-bottom -->
          </div> <!-- suite-CommunicationCloud-class-failed -->
          <div class="suite-CommunicationCloud-class-failed">
            <div class="main-panel-header rounded-window-top">
              <img src="failed.png"/>
              <span class="class-name">com.ccs.testCases.TC_UpdateContent_017</span>
            </div> <!-- main-panel-header rounded-window-top -->
            <div class="main-panel-content rounded-window-bottom">
              <div class="method">
                <div class="method-content">
                  <a name="ReadContentDDT(munirr, Password@123, ccs-auto3-, ccs-auto3-, ccs-auto3-, ccs-auto3-, ccs-auto3-, 10/1/20, Dear &lt;com...)">
                  </a> <!-- ReadContentDDT(munirr, Password@123, ccs-auto3-, ccs-auto3-, ccs-auto3-, ccs-auto3-, ccs-auto3-, 10/1/20, Dear <com...) -->
                  <span class="method-name">ReadContentDDT</span>
                  <span class="parameters">(munirr, Password@123, ccs-auto3-, ccs-auto3-, ccs-auto3-, ccs-auto3-, ccs-auto3-, 10/1/20, Dear <comms-data>$Data{"Id":"ownerFirstName"}</comms-data>,
                    Welcome to Automation Testing!!)</span>
                  <div class="stack-trace">org.openqa.selenium.NoSuchElementException: no such element: Unable to locate element: {&quot;method&quot;:&quot;xpath&quot;,&quot;selector&quot;:&quot;//span[text()=&apos;Config ID&apos;]&quot;}
  (Session info: chrome=87.0.4280.88)
For documentation on this error, please visit: https://www.seleniumhq.org/exceptions/no_such_element.html
Build info: version: &apos;3.141.59&apos;, revision: &apos;e82be7d358&apos;, time: &apos;2018-11-14T08:17:03&apos;
System info: host: &apos;MSINGIRI-IN&apos;, ip: &apos;10.166.164.59&apos;, os.name: &apos;Windows 10&apos;, os.arch: &apos;amd64&apos;, os.version: &apos;10.0&apos;, java.version: &apos;1.8.0_241&apos;
Driver info: org.openqa.selenium.chrome.ChromeDriver
Capabilities {acceptInsecureCerts: false, browserName: chrome, browserVersion: 87.0.4280.88, chrome: {chromedriverVersion: 87.0.4280.20 (c99e81631faa0..., userDataDir: C:\Users\msingiri\AppData\L...}, goog:chromeOptions: {debuggerAddress: localhost:65335}, javascriptEnabled: true, networkConnectionEnabled: false, pageLoadStrategy: normal, platform: WINDOWS, platformName: WINDOWS, proxy: Proxy(), setWindowRect: true, strictFileInteractability: false, timeouts: {implicit: 0, pageLoad: 300000, script: 30000}, unhandledPromptBehavior: dismiss and notify, webauthn:virtualAuthenticators: true}
Session ID: fede88137d29ffdf647cc14948f52576
*** Element info: {Using=xpath, value=//span[text()=&apos;Config ID&apos;]}
	at org.openqa.selenium.remote.http.W3CHttpResponseCodec.createException(W3CHttpResponseCodec.java:187)
	at org.openqa.selenium.remote.http.W3CHttpResponseCodec.decode(W3CHttpResponseCodec.java:122)
	at org.openqa.selenium.remote.http.W3CHttpResponseCodec.decode(W3CHttpResponseCodec.java:49)
	at org.openqa.selenium.remote.HttpCommandExecutor.execute(HttpCommandExecutor.java:158)
	at org.openqa.selenium.remote.service.DriverCommandExecutor.execute(DriverCommandExecutor.java:83)
	at org.openqa.selenium.remote.RemoteWebDriver.execute(RemoteWebDriver.java:552)
	at org.openqa.selenium.remote.RemoteWebDriver.findElement(RemoteWebDriver.java:323)
	at org.openqa.selenium.remote.RemoteWebDriver.findElementByXPath(RemoteWebDriver.java:428)
	at org.openqa.selenium.By$ByXPath.findElement(By.java:353)
	at org.openqa.selenium.remote.RemoteWebDriver.findElement(RemoteWebDriver.java:315)
	at com.ccs.testCases.TC_MapConfigID_013.mapConfigID(TC_MapConfigID_013.java:22)
	at com.ccs.testCases.TC_UpdateContent_017.ReadContentDDT(TC_UpdateContent_017.java:72)
... Removed 29 stack frames
</div> <!-- stack-trace -->
                </div> <!-- method-content -->
              </div> <!-- method -->
              <div class="method">
                <div class="method-content">
                  <a name="ReadContentDDT(munirr, Password@123, ccs-auto4-, ccs-auto4-, ccs-auto4-, ccs-auto4-, ccs-auto4-, 10/1/20, Thanks fo...)">
                  </a> <!-- ReadContentDDT(munirr, Password@123, ccs-auto4-, ccs-auto4-, ccs-auto4-, ccs-auto4-, ccs-auto4-, 10/1/20, Thanks fo...) -->
                  <span class="method-name">ReadContentDDT</span>
                  <span class="parameters">(munirr, Password@123, ccs-auto4-, ccs-auto4-, ccs-auto4-, ccs-auto4-, ccs-auto4-, 10/1/20, Thanks for Signing.)</span>
                  <div class="stack-trace">org.openqa.selenium.NoSuchElementException: no such element: Unable to locate element: {&quot;method&quot;:&quot;css selector&quot;,&quot;selector&quot;:&quot;.oj\-radiocheckbox\-icon&quot;}
  (Session info: chrome=87.0.4280.88)
For documentation on this error, please visit: https://www.seleniumhq.org/exceptions/no_such_element.html
Build info: version: &apos;3.141.59&apos;, revision: &apos;e82be7d358&apos;, time: &apos;2018-11-14T08:17:03&apos;
System info: host: &apos;MSINGIRI-IN&apos;, ip: &apos;10.166.164.59&apos;, os.name: &apos;Windows 10&apos;, os.arch: &apos;amd64&apos;, os.version: &apos;10.0&apos;, java.version: &apos;1.8.0_241&apos;
Driver info: org.openqa.selenium.chrome.ChromeDriver
Capabilities {acceptInsecureCerts: false, browserName: chrome, browserVersion: 87.0.4280.88, chrome: {chromedriverVersion: 87.0.4280.20 (c99e81631faa0..., userDataDir: C:\Users\msingiri\AppData\L...}, goog:chromeOptions: {debuggerAddress: localhost:65335}, javascriptEnabled: true, networkConnectionEnabled: false, pageLoadStrategy: normal, platform: WINDOWS, platformName: WINDOWS, proxy: Proxy(), setWindowRect: true, strictFileInteractability: false, timeouts: {implicit: 0, pageLoad: 300000, script: 30000}, unhandledPromptBehavior: dismiss and notify, webauthn:virtualAuthenticators: true}
Session ID: fede88137d29ffdf647cc14948f52576
*** Element info: {Using=class name, value=oj-radiocheckbox-icon}
	at org.openqa.selenium.remote.http.W3CHttpResponseCodec.createException(W3CHttpResponseCodec.java:187)
	at org.openqa.selenium.remote.http.W3CHttpResponseCodec.decode(W3CHttpResponseCodec.java:122)
	at org.openqa.selenium.remote.http.W3CHttpResponseCodec.decode(W3CHttpResponseCodec.java:49)
	at org.openqa.selenium.remote.HttpCommandExecutor.execute(HttpCommandExecutor.java:158)
	at org.openqa.selenium.remote.service.DriverCommandExecutor.execute(DriverCommandExecutor.java:83)
	at org.openqa.selenium.remote.RemoteWebDriver.execute(RemoteWebDriver.java:552)
	at org.openqa.selenium.remote.RemoteWebDriver.findElement(RemoteWebDriver.java:323)
	at org.openqa.selenium.remote.RemoteWebDriver.findElementByClassName(RemoteWebDriver.java:412)
	at org.openqa.selenium.By$ByClassName.findElement(By.java:389)
	at org.openqa.selenium.remote.RemoteWebDriver.findElement(RemoteWebDriver.java:315)
	at com.ccs.testCases.TC_MapConfigID_013.mapConfigID(TC_MapConfigID_013.java:69)
	at com.ccs.testCases.TC_UpdateContent_017.ReadContentDDT(TC_UpdateContent_017.java:72)
... Removed 29 stack frames
</div> <!-- stack-trace -->
                </div> <!-- method-content -->
              </div> <!-- method -->
            </div> <!-- main-panel-content rounded-window-bottom -->
          </div> <!-- suite-CommunicationCloud-class-failed -->
        </div> <!-- panel CommunicationCloud -->
        <div panel-name="test-xml-CommunicationCloud" class="panel">
          <div class="main-panel-header rounded-window-top">
            <span class="header-content">D:\Selenium\MyWorkspace\CommunicationCloud\TestNG.xml</span>
          </div> <!-- main-panel-header rounded-window-top -->
          <div class="main-panel-content rounded-window-bottom">
            <pre>
&lt;?xml version=&quot;1.0&quot; encoding=&quot;UTF-8&quot;?&gt;
&lt;!DOCTYPE suite SYSTEM &quot;http://testng.org/testng-1.0.dtd&quot;&gt;
&lt;suite guice-stage=&quot;DEVELOPMENT&quot; name=&quot;CommunicationCloud&quot;&gt;
  &lt;listeners&gt;
    &lt;listener class-name=&quot;com.ccs.utilities.Reporting&quot;/&gt;
  &lt;/listeners&gt;
  &lt;test thread-count=&quot;5&quot; name=&quot;CRUD-Content&quot;&gt;
    &lt;parameter name=&quot;browser&quot; value=&quot;chrome&quot;/&gt;
    &lt;classes&gt;
      &lt;class name=&quot;com.ccs.testCases.TC_CreateContDDT_011&quot;/&gt;
      &lt;class name=&quot;com.ccs.testCases.TC_ReadContent_014&quot;/&gt;
      &lt;class name=&quot;com.ccs.testCases.TC_UpdateContent_017&quot;/&gt;
      &lt;class name=&quot;com.ccs.testCases.TC_DeleteContent_016&quot;/&gt;
    &lt;/classes&gt;
  &lt;/test&gt; &lt;!-- CRUD-Content --&gt;
  &lt;test thread-count=&quot;5&quot; name=&quot;CRUD-Styles&quot;&gt;
    &lt;parameter name=&quot;browser&quot; value=&quot;chrome&quot;/&gt;
    &lt;classes&gt;
      &lt;class name=&quot;com.ccs.testCases.TC_ReadStyle_019&quot;/&gt;
      &lt;class name=&quot;com.ccs.testCases.TC_UpdateStyles_020&quot;/&gt;
    &lt;/classes&gt;
  &lt;/test&gt; &lt;!-- CRUD-Styles --&gt;
&lt;/suite&gt; &lt;!-- CommunicationCloud --&gt;
            </pre>
          </div> <!-- main-panel-content rounded-window-bottom -->
        </div> <!-- panel -->
        <div panel-name="testlist-CommunicationCloud" class="panel">
          <div class="main-panel-header rounded-window-top">
            <span class="header-content">Tests for CommunicationCloud</span>
          </div> <!-- main-panel-header rounded-window-top -->
          <div class="main-panel-content rounded-window-bottom">
            <ul>
              <li>
                <span class="test-name">CRUD-Content (4 classes)</span>
              </li>
              <li>
                <span class="test-name">CRUD-Styles (2 classes)</span>
              </li>
            </ul>
          </div> <!-- main-panel-content rounded-window-bottom -->
        </div> <!-- panel -->
        <div panel-name="group-CommunicationCloud" class="panel">
          <div class="main-panel-header rounded-window-top">
            <span class="header-content">Groups for CommunicationCloud</span>
          </div> <!-- main-panel-header rounded-window-top -->
          <div class="main-panel-content rounded-window-bottom">
          </div> <!-- main-panel-content rounded-window-bottom -->
        </div> <!-- panel -->
        <div panel-name="times-CommunicationCloud" class="panel">
          <div class="main-panel-header rounded-window-top">
            <span class="header-content">Times for CommunicationCloud</span>
          </div> <!-- main-panel-header rounded-window-top -->
          <div class="main-panel-content rounded-window-bottom">
            <div class="times-div">
              <script type="text/javascript">
suiteTableInitFunctions.push('tableData_CommunicationCloud');
function tableData_CommunicationCloud() {
var data = new google.visualization.DataTable();
data.addColumn('number', 'Number');
data.addColumn('string', 'Method');
data.addColumn('string', 'Class');
data.addColumn('number', 'Time (ms)');
data.addRows(12);
data.setCell(0, 0, 0)
data.setCell(0, 1, 'DeleteContDDT')
data.setCell(0, 2, 'com.ccs.testCases.TC_DeleteContent_016')
data.setCell(0, 3, 172225);
data.setCell(1, 0, 1)
data.setCell(1, 1, 'ContCreateDDT')
data.setCell(1, 2, 'com.ccs.testCases.TC_CreateContDDT_011')
data.setCell(1, 3, 172087);
data.setCell(2, 0, 2)
data.setCell(2, 1, 'ReadContentDDT')
data.setCell(2, 2, 'com.ccs.testCases.TC_ReadContent_014')
data.setCell(2, 3, 169201);
data.setCell(3, 0, 3)
data.setCell(3, 1, 'ReadContentDDT')
data.setCell(3, 2, 'com.ccs.testCases.TC_UpdateContent_017')
data.setCell(3, 3, 169195);
data.setCell(4, 0, 4)
data.setCell(4, 1, 'ContCreateDDT')
data.setCell(4, 2, 'com.ccs.testCases.TC_CreateContDDT_011')
data.setCell(4, 3, 101689);
data.setCell(5, 0, 5)
data.setCell(5, 1, 'DeleteContDDT')
data.setCell(5, 2, 'com.ccs.testCases.TC_DeleteContent_016')
data.setCell(5, 3, 101627);
data.setCell(6, 0, 6)
data.setCell(6, 1, 'ReadContentDDT')
data.setCell(6, 2, 'com.ccs.testCases.TC_UpdateContent_017')
data.setCell(6, 3, 97200);
data.setCell(7, 0, 7)
data.setCell(7, 1, 'ReadContentDDT')
data.setCell(7, 2, 'com.ccs.testCases.TC_ReadContent_014')
data.setCell(7, 3, 97069);
data.setCell(8, 0, 8)
data.setCell(8, 1, 'readStyles')
data.setCell(8, 2, 'com.ccs.testCases.TC_ReadStyle_019')
data.setCell(8, 3, 59293);
data.setCell(9, 0, 9)
data.setCell(9, 1, 'updateStyles')
data.setCell(9, 2, 'com.ccs.testCases.TC_UpdateStyles_020')
data.setCell(9, 3, 58864);
data.setCell(10, 0, 10)
data.setCell(10, 1, 'updateStyles')
data.setCell(10, 2, 'com.ccs.testCases.TC_UpdateStyles_020')
data.setCell(10, 3, 37405);
data.setCell(11, 0, 11)
data.setCell(11, 1, 'readStyles')
data.setCell(11, 2, 'com.ccs.testCases.TC_ReadStyle_019')
data.setCell(11, 3, 37392);
window.suiteTableData['CommunicationCloud']= { tableData: data, tableDiv: 'times-div-CommunicationCloud'}
return data;
}
              </script>
              <span class="suite-total-time">Total running time: 21 minutes</span>
              <div id="times-div-CommunicationCloud">
              </div> <!-- times-div-CommunicationCloud -->
            </div> <!-- times-div -->
          </div> <!-- main-panel-content rounded-window-bottom -->
        </div> <!-- panel -->
        <div panel-name="reporter-CommunicationCloud" class="panel">
          <div class="main-panel-header rounded-window-top">
            <span class="header-content">Reporter output for CommunicationCloud</span>
          </div> <!-- main-panel-header rounded-window-top -->
          <div class="main-panel-content rounded-window-bottom">
          </div> <!-- main-panel-content rounded-window-bottom -->
        </div> <!-- panel -->
        <div panel-name="ignored-methods-CommunicationCloud" class="panel">
          <div class="main-panel-header rounded-window-top">
            <span class="header-content">0 ignored methods</span>
          </div> <!-- main-panel-header rounded-window-top -->
          <div class="main-panel-content rounded-window-bottom">
          </div> <!-- main-panel-content rounded-window-bottom -->
        </div> <!-- panel -->
        <div panel-name="chronological-CommunicationCloud" class="panel">
          <div class="main-panel-header rounded-window-top">
            <span class="header-content">Methods in chronological order</span>
          </div> <!-- main-panel-header rounded-window-top -->
          <div class="main-panel-content rounded-window-bottom">
            <div class="chronological-class">
              <div class="chronological-class-name">com.ccs.testCases.TC_CreateContDDT_011</div> <!-- chronological-class-name -->
              <div class="configuration-class before">
                <span class="method-name">setup(chrome)</span>
                <span class="method-start">0 ms</span>
              </div> <!-- configuration-class before -->
              <div class="test-method">
                <img src="failed.png">
                </img>
                <span class="method-name">ContCreateDDT(munirr, Password@123, ccs-auto3-, ccs-auto3-, ccs-auto3-, ccs-auto3-, ccs-auto3-, 10/1/20, Dear <com...)</span>
                <span class="method-start">4303 ms</span>
              </div> <!-- test-method -->
              <div class="test-method">
                <img src="failed.png">
                </img>
                <span class="method-name">ContCreateDDT(munirr, Password@123, ccs-auto4-, ccs-auto4-, ccs-auto4-, ccs-auto4-, ccs-auto4-, 10/1/20, Thanks fo...)</span>
                <span class="method-start">106003 ms</span>
              </div> <!-- test-method -->
              <div class="configuration-class after">
                <span class="method-name">tearDown</span>
                <span class="method-start">278100 ms</span>
              </div> <!-- configuration-class after -->
            </div> <!-- chronological-class -->
            <div class="chronological-class">
              <div class="chronological-class-name">com.ccs.testCases.TC_ReadContent_014</div> <!-- chronological-class-name -->
              <div class="configuration-class before">
                <span class="method-name">setup(chrome)</span>
                <span class="method-start">279273 ms</span>
              </div> <!-- configuration-class before -->
              <div class="test-method">
                <img src="failed.png">
                </img>
                <span class="method-name">ReadContentDDT(munirr, Password@123, ccs-auto3-, ccs-auto3-, ccs-auto3-, ccs-auto3-, ccs-auto3-, 10/1/20, Dear <com...)</span>
                <span class="method-start">282078 ms</span>
              </div> <!-- test-method -->
              <div class="test-method">
                <img src="failed.png">
                </img>
                <span class="method-name">ReadContentDDT(munirr, Password@123, ccs-auto4-, ccs-auto4-, ccs-auto4-, ccs-auto4-, ccs-auto4-, 10/1/20, Thanks fo...)</span>
                <span class="method-start">379149 ms</span>
              </div> <!-- test-method -->
              <div class="configuration-class after">
                <span class="method-name">tearDown</span>
                <span class="method-start">548356 ms</span>
              </div> <!-- configuration-class after -->
            </div> <!-- chronological-class -->
            <div class="chronological-class">
              <div class="chronological-class-name">com.ccs.testCases.TC_UpdateContent_017</div> <!-- chronological-class-name -->
              <div class="configuration-class before">
                <span class="method-name">setup(chrome)</span>
                <span class="method-start">549374 ms</span>
              </div> <!-- configuration-class before -->
              <div class="test-method">
                <img src="failed.png">
                </img>
                <span class="method-name">ReadContentDDT(munirr, Password@123, ccs-auto3-, ccs-auto3-, ccs-auto3-, ccs-auto3-, ccs-auto3-, 10/1/20, Dear <com...)</span>
                <span class="method-start">551722 ms</span>
              </div> <!-- test-method -->
              <div class="test-method">
                <img src="failed.png">
                </img>
                <span class="method-name">ReadContentDDT(munirr, Password@123, ccs-auto4-, ccs-auto4-, ccs-auto4-, ccs-auto4-, ccs-auto4-, 10/1/20, Thanks fo...)</span>
                <span class="method-start">648924 ms</span>
              </div> <!-- test-method -->
              <div class="configuration-class after">
                <span class="method-name">tearDown</span>
                <span class="method-start">818123 ms</span>
              </div> <!-- configuration-class after -->
            </div> <!-- chronological-class -->
            <div class="chronological-class">
              <div class="chronological-class-name">com.ccs.testCases.TC_DeleteContent_016</div> <!-- chronological-class-name -->
              <div class="configuration-class before">
                <span class="method-name">setup(chrome)</span>
                <span class="method-start">819139 ms</span>
              </div> <!-- configuration-class before -->
              <div class="test-method">
                <img src="failed.png">
                </img>
                <span class="method-name">DeleteContDDT(munirr, Password@123, ccs-auto3-, ccs-auto3-, ccs-auto3-, ccs-auto3-, ccs-auto3-, 10/1/20, Dear <com...)</span>
                <span class="method-start">821315 ms</span>
              </div> <!-- test-method -->
              <div class="test-method">
                <img src="failed.png">
                </img>
                <span class="method-name">DeleteContDDT(munirr, Password@123, ccs-auto4-, ccs-auto4-, ccs-auto4-, ccs-auto4-, ccs-auto4-, 10/1/20, Thanks fo...)</span>
                <span class="method-start">922943 ms</span>
              </div> <!-- test-method -->
              <div class="configuration-class after">
                <span class="method-name">tearDown</span>
                <span class="method-start">1095172 ms</span>
              </div> <!-- configuration-class after -->
            </div> <!-- chronological-class -->
            <div class="chronological-class">
              <div class="chronological-class-name">com.ccs.testCases.TC_ReadStyle_019</div> <!-- chronological-class-name -->
              <div class="configuration-class before">
                <span class="method-name">setup(chrome)</span>
                <span class="method-start">1096563 ms</span>
              </div> <!-- configuration-class before -->
              <div class="test-method">
                <img src="failed.png">
                </img>
                <span class="method-name">readStyles(munirr, Password@123, CC, CC-AutoStyleName1, CC-StyleLongname1, CC-StyleDescription, Font-family, Ca...)</span>
                <span class="method-start">1098599 ms</span>
              </div> <!-- test-method -->
              <div class="test-method">
                <img src="failed.png">
                </img>
                <span class="method-name">readStyles(null, null, null, null, null, null, null, null)</span>
                <span class="method-start">1157896 ms</span>
              </div> <!-- test-method -->
              <div class="configuration-class after">
                <span class="method-name">tearDown</span>
                <span class="method-start">1195290 ms</span>
              </div> <!-- configuration-class after -->
            </div> <!-- chronological-class -->
            <div class="chronological-class">
              <div class="chronological-class-name">com.ccs.testCases.TC_UpdateStyles_020</div> <!-- chronological-class-name -->
              <div class="configuration-class before">
                <span class="method-name">setup(chrome)</span>
                <span class="method-start">1196198 ms</span>
              </div> <!-- configuration-class before -->
              <div class="test-method">
                <img src="failed.png">
                </img>
                <span class="method-name">updateStyles(munirr, Password@123, CC, CC-AutoStyleName1, CC-StyleLongname1, CC-StyleDescription, Font-family, Ca...)</span>
                <span class="method-start">1198072 ms</span>
              </div> <!-- test-method -->
              <div class="test-method">
                <img src="failed.png">
                </img>
                <span class="method-name">updateStyles(null, null, null, null, null, null, null, null)</span>
                <span class="method-start">1256938 ms</span>
              </div> <!-- test-method -->
              <div class="configuration-class after">
                <span class="method-name">tearDown</span>
                <span class="method-start">1294346 ms</span>
              </div> <!-- configuration-class after -->
          </div> <!-- main-panel-content rounded-window-bottom -->
        </div> <!-- panel -->
      </div> <!-- main-panel-root -->
    </div> <!-- wrapper -->
  </body>
</html>
