<?xml version="1.0" encoding="UTF-8"?>
<!-- Generated by org.testng.reporters.JUnitReportReporter -->
<testsuite skipped="1" hostname="MSINGIRI-IN" name="com.ccs.testCases.TC_AtrbFontsTest_007" tests="2" failures="0" timestamp="17 Sep 2020 13:24:12 GMT" time="1.771" errors="1">
  <testcase name="setup" time="1.771" classname="com.ccs.testCases.TC_AtrbFontsTest_007">
    <error type="org.openqa.selenium.SessionNotCreatedException" message="session not created: This version of ChromeDriver only supports Chrome version 83
Build info: version: &#039;3.141.59&#039;, revision: &#039;e82be7d358&#039;, time: &#039;2018-11-14T08:17:03&#039;
System info: host: &#039;MSINGIRI-IN&#039;, ip: &#039;10.191.232.145&#039;, os.name: &#039;Windows 10&#039;, os.arch: &#039;amd64&#039;, os.version: &#039;10.0&#039;, java.version: &#039;1.8.0_251&#039;
Driver info: driver.version: ChromeDriver
remote stacktrace: Backtrace:
	Ordinal0 [0x00C59563+2725219]
	Ordinal0 [0x00B58551+1672529]
	Ordinal0 [0x00A40359+525145]
	Ordinal0 [0x009D0B77+68471]
	Ordinal0 [0x009CD32C+54060]
	Ordinal0 [0x009ECC37+183351]
	Ordinal0 [0x009ECA3D+182845]
	Ordinal0 [0x009EA94B+174411]
	Ordinal0 [0x009D2528+75048]
	Ordinal0 [0x009D35A0+79264]
	Ordinal0 [0x009D3539+79161]
	Ordinal0 [0x00B6D607+1758727]
	GetHandleVerifier [0x00D76546+1050150]
	GetHandleVerifier [0x00D76291+1049457]
	GetHandleVerifier [0x00D810D7+1094071]
	GetHandleVerifier [0x00D76B46+1051686]
	Ordinal0 [0x00B65B06+1727238]
	Ordinal0 [0x00B6EB7B+1764219]
	Ordinal0 [0x00B6ECE3+1764579]
	Ordinal0 [0x00B84C05+1854469]
	BaseThreadInitThunk [0x76C36359+25]
	RtlGetAppContainerNamedObjectPath [0x77147C24+228]
	RtlGetAppContainerNamedObjectPath [0x77147BF4+180]
">
      <![CDATA[org.openqa.selenium.SessionNotCreatedException: session not created: This version of ChromeDriver only supports Chrome version 83
Build info: version: '3.141.59', revision: 'e82be7d358', time: '2018-11-14T08:17:03'
System info: host: 'MSINGIRI-IN', ip: '10.191.232.145', os.name: 'Windows 10', os.arch: 'amd64', os.version: '10.0', java.version: '1.8.0_251'
Driver info: driver.version: ChromeDriver
remote stacktrace: Backtrace:
Ordinal0 [0x00C59563+2725219]
Ordinal0 [0x00B58551+1672529]
Ordinal0 [0x00A40359+525145]
Ordinal0 [0x009D0B77+68471]
Ordinal0 [0x009CD32C+54060]
Ordinal0 [0x009ECC37+183351]
Ordinal0 [0x009ECA3D+182845]
Ordinal0 [0x009EA94B+174411]
Ordinal0 [0x009D2528+75048]
Ordinal0 [0x009D35A0+79264]
Ordinal0 [0x009D3539+79161]
Ordinal0 [0x00B6D607+1758727]
GetHandleVerifier [0x00D76546+1050150]
GetHandleVerifier [0x00D76291+1049457]
GetHandleVerifier [0x00D810D7+1094071]
GetHandleVerifier [0x00D76B46+1051686]
Ordinal0 [0x00B65B06+1727238]
Ordinal0 [0x00B6EB7B+1764219]
Ordinal0 [0x00B6ECE3+1764579]
Ordinal0 [0x00B84C05+1854469]
BaseThreadInitThunk [0x76C36359+25]
RtlGetAppContainerNamedObjectPath [0x77147C24+228]
RtlGetAppContainerNamedObjectPath [0x77147BF4+180]

at sun.reflect.NativeConstructorAccessorImpl.newInstance0(Native Method)
at sun.reflect.NativeConstructorAccessorImpl.newInstance(NativeConstructorAccessorImpl.java:62)
at sun.reflect.DelegatingConstructorAccessorImpl.newInstance(DelegatingConstructorAccessorImpl.java:45)
at java.lang.reflect.Constructor.newInstance(Constructor.java:423)
at org.openqa.selenium.remote.W3CHandshakeResponse.lambda$errorHandler$0(W3CHandshakeResponse.java:62)
at org.openqa.selenium.remote.HandshakeResponse.lambda$getResponseFunction$0(HandshakeResponse.java:30)
at org.openqa.selenium.remote.ProtocolHandshake.lambda$createSession$0(ProtocolHandshake.java:126)
at java.util.stream.ReferencePipeline$3$1.accept(ReferencePipeline.java:193)
at java.util.Spliterators$ArraySpliterator.tryAdvance(Spliterators.java:958)
at java.util.stream.ReferencePipeline.forEachWithCancel(ReferencePipeline.java:126)
at java.util.stream.AbstractPipeline.copyIntoWithCancel(AbstractPipeline.java:499)
at java.util.stream.AbstractPipeline.copyInto(AbstractPipeline.java:486)
at java.util.stream.AbstractPipeline.wrapAndCopyInto(AbstractPipeline.java:472)
at java.util.stream.FindOps$FindOp.evaluateSequential(FindOps.java:152)
at java.util.stream.AbstractPipeline.evaluate(AbstractPipeline.java:234)
at java.util.stream.ReferencePipeline.findFirst(ReferencePipeline.java:464)
at org.openqa.selenium.remote.ProtocolHandshake.createSession(ProtocolHandshake.java:128)
at org.openqa.selenium.remote.ProtocolHandshake.createSession(ProtocolHandshake.java:74)
at org.openqa.selenium.remote.HttpCommandExecutor.execute(HttpCommandExecutor.java:136)
at org.openqa.selenium.remote.service.DriverCommandExecutor.execute(DriverCommandExecutor.java:83)
at org.openqa.selenium.remote.RemoteWebDriver.execute(RemoteWebDriver.java:552)
at org.openqa.selenium.remote.RemoteWebDriver.startSession(RemoteWebDriver.java:213)
at org.openqa.selenium.remote.RemoteWebDriver.<init>(RemoteWebDriver.java:131)
at org.openqa.selenium.chrome.ChromeDriver.<init>(ChromeDriver.java:181)
at org.openqa.selenium.chrome.ChromeDriver.<init>(ChromeDriver.java:168)
at org.openqa.selenium.chrome.ChromeDriver.<init>(ChromeDriver.java:123)
at com.ccs.testCases.BaseClass.setup(BaseClass.java:54)
at sun.reflect.NativeMethodAccessorImpl.invoke0(Native Method)
at sun.reflect.NativeMethodAccessorImpl.invoke(NativeMethodAccessorImpl.java:62)
at sun.reflect.DelegatingMethodAccessorImpl.invoke(DelegatingMethodAccessorImpl.java:43)
at java.lang.reflect.Method.invoke(Method.java:498)
at org.testng.internal.MethodInvocationHelper.invokeMethod(MethodInvocationHelper.java:124)
at org.testng.internal.MethodInvocationHelper.invokeMethodConsideringTimeout(MethodInvocationHelper.java:59)
at org.testng.internal.Invoker.invokeConfigurationMethod(Invoker.java:458)
at org.testng.internal.Invoker.invokeConfigurations(Invoker.java:222)
at org.testng.internal.Invoker.invokeConfigurations(Invoker.java:142)
at org.testng.internal.TestMethodWorker.invokeBeforeClassMethods(TestMethodWorker.java:168)
at org.testng.internal.TestMethodWorker.run(TestMethodWorker.java:105)
at org.testng.TestRunner.privateRun(TestRunner.java:648)
at org.testng.TestRunner.run(TestRunner.java:505)
at org.testng.SuiteRunner.runTest(SuiteRunner.java:455)
at org.testng.SuiteRunner.runSequentially(SuiteRunner.java:450)
at org.testng.SuiteRunner.privateRun(SuiteRunner.java:415)
at org.testng.SuiteRunner.run(SuiteRunner.java:364)
at org.testng.SuiteRunnerWorker.runSuite(SuiteRunnerWorker.java:52)
at org.testng.SuiteRunnerWorker.run(SuiteRunnerWorker.java:84)
at org.testng.TestNG.runSuitesSequentially(TestNG.java:1208)
at org.testng.TestNG.runSuitesLocally(TestNG.java:1137)
at org.testng.TestNG.runSuites(TestNG.java:1049)
at org.testng.TestNG.run(TestNG.java:1017)
at org.testng.remote.AbstractRemoteTestNG.run(AbstractRemoteTestNG.java:132)
at org.testng.remote.RemoteTestNG.initAndRun(RemoteTestNG.java:230)
at org.testng.remote.RemoteTestNG.main(RemoteTestNG.java:76)
]]>
    </error>
  </testcase> <!-- setup -->
  <testcase name="atrbFontsTest" time="0.000" classname="com.ccs.testCases.TC_AtrbFontsTest_007">
    <skipped/>
  </testcase> <!-- atrbFontsTest -->
</testsuite> <!-- com.ccs.testCases.TC_AtrbFontsTest_007 -->
